<?xml version="1.0" encoding="UTF-8"?>
<!-- Generated by org.testng.reporters.JUnitReportReporter -->
<testsuite hostname="MacBook-Pro-de-Javier.local" name="com.mo2o.carrefour.testcases.Dummy" tests="1" failures="0" timestamp="18 Apr 2015 23:56:03 GMT" time="0.011" errors="0">
  <testcase name="CompraIda" time="0.011" classname="com.mo2o.carrefour.testcases.Dummy"/>
</testsuite> <!-- com.mo2o.carrefour.testcases.Dummy -->
